#
# There is insufficient memory for the Java Runtime Environment to continue.
# Native memory allocation (malloc) failed to allocate 32744 bytes for ChunkPool::allocate
# Possible reasons:
#   The system is out of physical RAM or swap space
#   The process is running with CompressedOops enabled, and the Java Heap may be blocking the growth of the native heap
# Possible solutions:
#   Reduce memory load on the system
#   Increase physical memory or swap space
#   Check if swap backing store is full
#   Decrease Java heap size (-Xmx/-Xms)
#   Decrease number of Java threads
#   Decrease Java thread stack sizes (-Xss)
#   Set larger code cache with -XX:ReservedCodeCacheSize=
#   JVM is running with Unscaled Compressed Oops mode in which the Java heap is
#     placed in the first 4GB address space. The Java Heap base address is the
#     maximum limit for the native heap growth. Please use -XX:HeapBaseMinAddress
#     to set the Java Heap base and to place the Java Heap above 4GB virtual address.
# This output file may be truncated or incomplete.
#
#  Out of Memory Error (allocation.cpp:272), pid=20832, tid=0x00000000000066c0
#
# JRE version: OpenJDK Runtime Environment (Zulu 8.68.0.21-CA-win64) (8.0_362-b09) (build 1.8.0_362-b09)
# Java VM: OpenJDK 64-Bit Server VM (25.362-b09 mixed mode windows-amd64 compressed oops)
# Failed to write core dump. Minidumps are not enabled by default on client versions of Windows
#

---------------  T H R E A D  ---------------

Current thread (0x00000152ec16a000):  JavaThread "C2 CompilerThread0" daemon [_thread_in_native, id=26304, stack(0x00000026c9700000,0x00000026c9800000)]

Stack: [0x00000026c9700000,0x00000026c9800000]
[error occurred during error reporting (printing stack bounds), id 0xc0000005]

Native frames: (J=compiled Java code, j=interpreted, Vv=VM code, C=native code)


Current CompileTask:
C2:  48753 2865 % !   4       sun.net.www.ParseUtil::decode @ 69 (316 bytes)


---------------  P R O C E S S  ---------------

Java Threads: ( => current thread )
  0x00000152ec3d3000 JavaThread "ForkJoinPool.commonPool-worker-1" daemon [_thread_blocked, id=10036, stack(0x00000026ca300000,0x00000026ca400000)]
  0x00000152ecb29000 JavaThread "Keep-Alive-Timer" daemon [_thread_blocked, id=24732, stack(0x00000026ca200000,0x00000026ca300000)]
  0x00000152eeacf000 JavaThread "Exec Stream Pumper" daemon [_thread_in_native, id=26452, stack(0x00000026ca100000,0x00000026ca200000)]
  0x00000152eeace800 JavaThread "Exec Stream Pumper" daemon [_thread_in_native, id=10500, stack(0x00000026ca000000,0x00000026ca100000)]
  0x00000152ed444000 JavaThread "UrlChecker-2" daemon [_thread_blocked, id=18756, stack(0x00000026c9e00000,0x00000026c9f00000)]
  0x00000152ed33d000 JavaThread "Exec Default Executor" daemon [_thread_in_native, id=25788, stack(0x00000026c9d00000,0x00000026c9e00000)]
  0x00000152ec286000 JavaThread "Service Thread" daemon [_thread_blocked, id=25104, stack(0x00000026c9900000,0x00000026c9a00000)]
  0x00000152ec275000 JavaThread "C1 CompilerThread1" daemon [_thread_blocked, id=26028, stack(0x00000026c9800000,0x00000026c9900000)]
=>0x00000152ec16a000 JavaThread "C2 CompilerThread0" daemon [_thread_in_native, id=26304, stack(0x00000026c9700000,0x00000026c9800000)]
  0x00000152ec1e7800 JavaThread "Attach Listener" daemon [_thread_blocked, id=9864, stack(0x00000026c9600000,0x00000026c9700000)]
  0x00000152ec258000 JavaThread "Signal Dispatcher" daemon [_thread_blocked, id=20972, stack(0x00000026c9500000,0x00000026c9600000)]
  0x00000152ead50000 JavaThread "Finalizer" daemon [_thread_blocked, id=20868, stack(0x00000026c9400000,0x00000026c9500000)]
  0x00000152ead48800 JavaThread "Reference Handler" daemon [_thread_blocked, id=2396, stack(0x00000026c9300000,0x00000026c9400000)]
  0x00000152d6414000 JavaThread "Forwarding newSession on session null to remote" [_thread_in_vm, id=20352, stack(0x00000026c9100000,0x00000026c9200000)]

Other Threads:
  0x00000152ead1b800 VMThread [stack: 0x00000026c9200000,0x00000026c9300000] [id=25824]
  0x00000152ec2a8800 WatcherThread [stack: 0x00000026c9a00000,0x00000026c9b00000] [id=8704]

VM state:not at safepoint (normal execution)

VM Mutex/Monitor currently owned by a thread: None

heap address: 0x0000000080000000, size: 2048 MB, Compressed Oops mode: 32-bit
Narrow klass base: 0x0000000000000000, Narrow klass shift: 3
Compressed class space size: 1073741824 Address: 0x0000000100000000

Heap:
 PSYoungGen      total 131584K, used 114034K [0x00000000d5580000, 0x00000000ddf00000, 0x0000000100000000)
  eden space 125440K, 86% used [0x00000000d5580000,0x00000000dbf504e0,0x00000000dd000000)
  from space 6144K, 92% used [0x00000000dd180000,0x00000000dd70c5e0,0x00000000dd780000)
  to   space 7680K, 0% used [0x00000000dd780000,0x00000000dd780000,0x00000000ddf00000)
 ParOldGen       total 60928K, used 10031K [0x0000000080000000, 0x0000000083b80000, 0x00000000d5580000)
  object space 60928K, 16% used [0x0000000080000000,0x00000000809cbd78,0x0000000083b80000)
 Metaspace       used 29984K, capacity 30840K, committed 30976K, reserved 1077248K
  class space    used 3545K, capacity 3805K, committed 3840K, reserved 1048576K

Card table byte_map: [0x00000152e58c0000,0x00000152e5cd0000] byte_map_base: 0x00000152e54c0000

Marking Bits: (ParMarkBitMap*) 0x000000006b425390
 Begin Bits: [0x00000152e5f80000, 0x00000152e7f80000)
 End Bits:   [0x00000152e7f80000, 0x00000152e9f80000)

Polling page: 0x00000152d64d0000

CodeCache: size=245760Kb used=10895Kb max_used=10918Kb free=234864Kb
 bounds [0x00000152d6500000, 0x00000152d6fc0000, 0x00000152e5500000]
 total_blobs=3324 nmethods=2647 adapters=587
 compilation: enabled

Compilation events (10 events):
Event: 48.329 Thread 0x00000152ec16a000 nmethod 2860 0x00000152d6fa6450 code [0x00000152d6fa6840, 0x00000152d6fab0d0]
Event: 48.403 Thread 0x00000152ec16a000 2861       4       java.io.WinNTFileSystem::prefixLength (91 bytes)
Event: 48.405 Thread 0x00000152ec16a000 nmethod 2861 0x00000152d6fa3150 code [0x00000152d6fa32a0, 0x00000152d6fa3458]
Event: 48.647 Thread 0x00000152ec275000 2862       3       com.google.common.base.Preconditions::checkArgument (13 bytes)
Event: 48.647 Thread 0x00000152ec275000 nmethod 2862 0x00000152d6fa5fd0 code [0x00000152d6fa6140, 0x00000152d6fa6370]
Event: 48.667 Thread 0x00000152ec16a000 2863       4       java.lang.String::equalsIgnoreCase (48 bytes)
Event: 48.668 Thread 0x00000152ec16a000 nmethod 2863 0x00000152d6fa4790 code [0x00000152d6fa48e0, 0x00000152d6fa49c8]
Event: 48.668 Thread 0x00000152ec275000 2864       3       java.lang.StringBuilder::append (6 bytes)
Event: 48.668 Thread 0x00000152ec275000 nmethod 2864 0x00000152d6fa42d0 code [0x00000152d6fa4440, 0x00000152d6fa46b0]
Event: 48.749 Thread 0x00000152ec16a000 2865 % !   4       sun.net.www.ParseUtil::decode @ 69 (316 bytes)

GC Heap History (10 events):
Event: 24.266 GC heap before
{Heap before GC invocations=6 (full 0):
 PSYoungGen      total 38400K, used 38368K [0x00000000d5580000, 0x00000000da480000, 0x0000000100000000)
  eden space 33280K, 100% used [0x00000000d5580000,0x00000000d7600000,0x00000000d7600000)
  from space 5120K, 99% used [0x00000000d7600000,0x00000000d7af8220,0x00000000d7b00000)
  to   space 7168K, 0% used [0x00000000d9d80000,0x00000000d9d80000,0x00000000da480000)
 ParOldGen       total 87552K, used 2059K [0x0000000080000000, 0x0000000085580000, 0x00000000d5580000)
  object space 87552K, 2% used [0x0000000080000000,0x0000000080202c28,0x0000000085580000)
 Metaspace       used 17988K, capacity 18278K, committed 18560K, reserved 1064960K
  class space    used 1920K, capacity 2049K, committed 2176K, reserved 1048576K
Event: 24.358 GC heap after
Heap after GC invocations=6 (full 0):
 PSYoungGen      total 72704K, used 6940K [0x00000000d5580000, 0x00000000da680000, 0x0000000100000000)
  eden space 65536K, 0% used [0x00000000d5580000,0x00000000d5580000,0x00000000d9580000)
  from space 7168K, 96% used [0x00000000d9d80000,0x00000000da447340,0x00000000da480000)
  to   space 8192K, 0% used [0x00000000d9580000,0x00000000d9580000,0x00000000d9d80000)
 ParOldGen       total 87552K, used 2059K [0x0000000080000000, 0x0000000085580000, 0x00000000d5580000)
  object space 87552K, 2% used [0x0000000080000000,0x0000000080202c28,0x0000000085580000)
 Metaspace       used 17988K, capacity 18278K, committed 18560K, reserved 1064960K
  class space    used 1920K, capacity 2049K, committed 2176K, reserved 1048576K
}
Event: 29.300 GC heap before
{Heap before GC invocations=7 (full 0):
 PSYoungGen      total 72704K, used 62967K [0x00000000d5580000, 0x00000000da680000, 0x0000000100000000)
  eden space 65536K, 85% used [0x00000000d5580000,0x00000000d8c36c80,0x00000000d9580000)
  from space 7168K, 96% used [0x00000000d9d80000,0x00000000da447340,0x00000000da480000)
  to   space 8192K, 0% used [0x00000000d9580000,0x00000000d9580000,0x00000000d9d80000)
 ParOldGen       total 87552K, used 2059K [0x0000000080000000, 0x0000000085580000, 0x00000000d5580000)
  object space 87552K, 2% used [0x0000000080000000,0x0000000080202c28,0x0000000085580000)
 Metaspace       used 20785K, capacity 21060K, committed 21296K, reserved 1069056K
  class space    used 2296K, capacity 2400K, committed 2432K, reserved 1048576K
Event: 29.326 GC heap after
Heap after GC invocations=7 (full 0):
 PSYoungGen      total 73728K, used 5388K [0x00000000d5580000, 0x00000000de480000, 0x0000000100000000)
  eden space 65536K, 0% used [0x00000000d5580000,0x00000000d5580000,0x00000000d9580000)
  from space 8192K, 65% used [0x00000000d9580000,0x00000000d9ac3108,0x00000000d9d80000)
  to   space 7680K, 0% used [0x00000000ddd00000,0x00000000ddd00000,0x00000000de480000)
 ParOldGen       total 87552K, used 5204K [0x0000000080000000, 0x0000000085580000, 0x00000000d5580000)
  object space 87552K, 5% used [0x0000000080000000,0x00000000805150a0,0x0000000085580000)
 Metaspace       used 20785K, capacity 21060K, committed 21296K, reserved 1069056K
  class space    used 2296K, capacity 2400K, committed 2432K, reserved 1048576K
}
Event: 29.326 GC heap before
{Heap before GC invocations=8 (full 1):
 PSYoungGen      total 73728K, used 5388K [0x00000000d5580000, 0x00000000de480000, 0x0000000100000000)
  eden space 65536K, 0% used [0x00000000d5580000,0x00000000d5580000,0x00000000d9580000)
  from space 8192K, 65% used [0x00000000d9580000,0x00000000d9ac3108,0x00000000d9d80000)
  to   space 7680K, 0% used [0x00000000ddd00000,0x00000000ddd00000,0x00000000de480000)
 ParOldGen       total 87552K, used 5204K [0x0000000080000000, 0x0000000085580000, 0x00000000d5580000)
  object space 87552K, 5% used [0x0000000080000000,0x00000000805150a0,0x0000000085580000)
 Metaspace       used 20785K, capacity 21060K, committed 21296K, reserved 1069056K
  class space    used 2296K, capacity 2400K, committed 2432K, reserved 1048576K
Event: 29.872 GC heap after
Heap after GC invocations=8 (full 1):
 PSYoungGen      total 73728K, used 0K [0x00000000d5580000, 0x00000000de480000, 0x0000000100000000)
  eden space 65536K, 0% used [0x00000000d5580000,0x00000000d5580000,0x00000000d9580000)
  from space 8192K, 0% used [0x00000000d9580000,0x00000000d9580000,0x00000000d9d80000)
  to   space 7680K, 0% used [0x00000000ddd00000,0x00000000ddd00000,0x00000000de480000)
 ParOldGen       total 60928K, used 10015K [0x0000000080000000, 0x0000000083b80000, 0x00000000d5580000)
  object space 60928K, 16% used [0x0000000080000000,0x00000000809c7d78,0x0000000083b80000)
 Metaspace       used 20785K, capacity 21060K, committed 21296K, reserved 1069056K
  class space    used 2296K, capacity 2400K, committed 2432K, reserved 1048576K
}
Event: 33.032 GC heap before
{Heap before GC invocations=9 (full 1):
 PSYoungGen      total 73728K, used 65536K [0x00000000d5580000, 0x00000000de480000, 0x0000000100000000)
  eden space 65536K, 100% used [0x00000000d5580000,0x00000000d9580000,0x00000000d9580000)
  from space 8192K, 0% used [0x00000000d9580000,0x00000000d9580000,0x00000000d9d80000)
  to   space 7680K, 0% used [0x00000000ddd00000,0x00000000ddd00000,0x00000000de480000)
 ParOldGen       total 60928K, used 10015K [0x0000000080000000, 0x0000000083b80000, 0x00000000d5580000)
  object space 60928K, 16% used [0x0000000080000000,0x00000000809c7d78,0x0000000083b80000)
 Metaspace       used 22718K, capacity 23042K, committed 23424K, reserved 1071104K
  class space    used 2507K, capacity 2650K, committed 2688K, reserved 1048576K
Event: 33.040 GC heap after
Heap after GC invocations=9 (full 1):
 PSYoungGen      total 101888K, used 3139K [0x00000000d5580000, 0x00000000de080000, 0x0000000100000000)
  eden space 98304K, 0% used [0x00000000d5580000,0x00000000d5580000,0x00000000db580000)
  from space 3584K, 87% used [0x00000000ddd00000,0x00000000de010e10,0x00000000de080000)
  to   space 7680K, 0% used [0x00000000dd180000,0x00000000dd180000,0x00000000dd900000)
 ParOldGen       total 60928K, used 10023K [0x0000000080000000, 0x0000000083b80000, 0x00000000d5580000)
  object space 60928K, 16% used [0x0000000080000000,0x00000000809c9d78,0x0000000083b80000)
 Metaspace       used 22718K, capacity 23042K, committed 23424K, reserved 1071104K
  class space    used 2507K, capacity 2650K, committed 2688K, reserved 1048576K
}
Event: 36.796 GC heap before
{Heap before GC invocations=10 (full 1):
 PSYoungGen      total 101888K, used 101443K [0x00000000d5580000, 0x00000000de080000, 0x0000000100000000)
  eden space 98304K, 100% used [0x00000000d5580000,0x00000000db580000,0x00000000db580000)
  from space 3584K, 87% used [0x00000000ddd00000,0x00000000de010e10,0x00000000de080000)
  to   space 7680K, 0% used [0x00000000dd180000,0x00000000dd180000,0x00000000dd900000)
 ParOldGen       total 60928K, used 10023K [0x0000000080000000, 0x0000000083b80000, 0x00000000d5580000)
  object space 60928K, 16% used [0x0000000080000000,0x00000000809c9d78,0x0000000083b80000)
 Metaspace       used 23225K, capacity 23544K, committed 23936K, reserved 1071104K
  class space    used 2541K, capacity 2688K, committed 2688K, reserved 1048576K
Event: 36.819 GC heap after
Heap after GC invocations=10 (full 1):
 PSYoungGen      total 131584K, used 5681K [0x00000000d5580000, 0x00000000ddf00000, 0x0000000100000000)
  eden space 125440K, 0% used [0x00000000d5580000,0x00000000d5580000,0x00000000dd000000)
  from space 6144K, 92% used [0x00000000dd180000,0x00000000dd70c5e0,0x00000000dd780000)
  to   space 7680K, 0% used [0x00000000dd780000,0x00000000dd780000,0x00000000ddf00000)
 ParOldGen       total 60928K, used 10031K [0x0000000080000000, 0x0000000083b80000, 0x00000000d5580000)
  object space 60928K, 16% used [0x0000000080000000,0x00000000809cbd78,0x0000000083b80000)
 Metaspace       used 23225K, capacity 23544K, committed 23936K, reserved 1071104K
  class space    used 2541K, capacity 2688K, committed 2688K, reserved 1048576K
}

Deoptimization events (10 events):
Event: 42.361 Thread 0x00000152d6414000 Uncommon trap: reason=class_check action=maybe_recompile pc=0x00000152d6f36f60 method=java.lang.Character.toLowerCase(I)I @ 5
Event: 42.361 Thread 0x00000152d6414000 Uncommon trap: reason=class_check action=maybe_recompile pc=0x00000152d6f36f60 method=java.lang.Character.toLowerCase(I)I @ 5
Event: 42.463 Thread 0x00000152d6414000 Uncommon trap: reason=unstable_if action=reinterpret pc=0x00000152d66a1ad8 method=java.lang.String.replace(CC)Ljava/lang/String; @ 2
Event: 42.472 Thread 0x00000152d6414000 Uncommon trap: reason=unstable_if action=reinterpret pc=0x00000152d67c82c8 method=sun.net.util.IPAddressUtil.scan(Ljava/lang/String;JJ[C)I @ 14
Event: 48.099 Thread 0x00000152d6414000 Uncommon trap: reason=bimorphic action=maybe_recompile pc=0x00000152d6e463e0 method=java.util.regex.Matcher.search(I)Z @ 86
Event: 48.099 Thread 0x00000152d6414000 Uncommon trap: reason=bimorphic action=maybe_recompile pc=0x00000152d6e463e0 method=java.util.regex.Matcher.search(I)Z @ 86
Event: 48.099 Thread 0x00000152d6414000 Uncommon trap: reason=bimorphic action=maybe_recompile pc=0x00000152d6e463e0 method=java.util.regex.Matcher.search(I)Z @ 86
Event: 48.099 Thread 0x00000152d6414000 Uncommon trap: reason=bimorphic action=maybe_recompile pc=0x00000152d6e463e0 method=java.util.regex.Matcher.search(I)Z @ 86
Event: 48.099 Thread 0x00000152d6414000 Uncommon trap: reason=unstable_if action=reinterpret pc=0x00000152d6aa9890 method=java.util.regex.Pattern$CharProperty.match(Ljava/util/regex/Matcher;ILjava/lang/CharSequence;)Z @ 21
Event: 48.717 Thread 0x00000152d6414000 Uncommon trap: reason=unstable_if action=reinterpret pc=0x00000152d6ab81d8 method=java.util.regex.Pattern$BmpCharProperty.match(Ljava/util/regex/Matcher;ILjava/lang/CharSequence;)Z @ 34

Classes redefined (0 events):
No events

Internal exceptions (10 events):
Event: 38.509 Thread 0x00000152d6414000 Exception <a 'java/lang/ClassNotFoundException': com/kms/katalon/core/webui/keyword/builtin/InternalSmartWaitGroovyWrapperCustomizer> (0x00000000d863efa8) thrown at [C:\jenkins\workspace\zulu-platform-build\zulu-src.git\hotspot\src\share\vm\classfile\syst
Event: 43.156 Thread 0x00000152ed444000 Exception <a 'java/net/SocketTimeoutException': connect timed out> (0x00000000da708f10) thrown at [C:\jenkins\workspace\zulu-platform-build\zulu-src.git\hotspot\src\share\vm\prims\jni.cpp, line 736]
Event: 43.695 Thread 0x00000152ed444000 Exception <a 'java/net/SocketTimeoutException': connect timed out> (0x00000000da70a408) thrown at [C:\jenkins\workspace\zulu-platform-build\zulu-src.git\hotspot\src\share\vm\prims\jni.cpp, line 736]
Event: 44.286 Thread 0x00000152ed444000 Exception <a 'java/net/SocketTimeoutException': connect timed out> (0x00000000da70b900) thrown at [C:\jenkins\workspace\zulu-platform-build\zulu-src.git\hotspot\src\share\vm\prims\jni.cpp, line 736]
Event: 44.855 Thread 0x00000152ed444000 Exception <a 'java/net/SocketTimeoutException': connect timed out> (0x00000000da70cdf8) thrown at [C:\jenkins\workspace\zulu-platform-build\zulu-src.git\hotspot\src\share\vm\prims\jni.cpp, line 736]
Event: 45.461 Thread 0x00000152ed444000 Exception <a 'java/net/SocketTimeoutException': connect timed out> (0x00000000da70e2f0) thrown at [C:\jenkins\workspace\zulu-platform-build\zulu-src.git\hotspot\src\share\vm\prims\jni.cpp, line 736]
Event: 46.165 Thread 0x00000152ed444000 Exception <a 'java/net/SocketTimeoutException': connect timed out> (0x00000000da70f7e8) thrown at [C:\jenkins\workspace\zulu-platform-build\zulu-src.git\hotspot\src\share\vm\prims\jni.cpp, line 736]
Event: 46.948 Thread 0x00000152d6414000 Exception <a 'java/lang/IncompatibleClassChangeError': Found class java.lang.Object, but interface was expected> (0x00000000dabf3e88) thrown at [C:\jenkins\workspace\zulu-platform-build\zulu-src.git\hotspot\src\share\vm\interpreter\linkResolver.cpp, line 
Event: 47.044 Thread 0x00000152d6414000 Exception <a 'java/lang/NoSuchMethodError': java.lang.Object.lambda$or$2(Ljava/util/function/Predicate;Ljava/lang/Object;)Z> (0x00000000dac111e0) thrown at [C:\jenkins\workspace\zulu-platform-build\zulu-src.git\hotspot\src\share\vm\interpreter\linkResolve
Event: 47.670 Thread 0x00000152d6414000 Exception <a 'java/lang/NoSuchMethodError': java.lang.Object.lambda$chars$0()Ljava/util/Spliterator$OfInt;> (0x00000000dafca4b0) thrown at [C:\jenkins\workspace\zulu-platform-build\zulu-src.git\hotspot\src\share\vm\interpreter\linkResolver.cpp, line 620]

Events (10 events):
Event: 48.142 loading class java/util/stream/DistinctOps$1$2 done
Event: 48.503 loading class java/util/DualPivotQuicksort
Event: 48.503 loading class java/util/DualPivotQuicksort done
Event: 48.717 Thread 0x00000152d6414000 Uncommon trap: trap_request=0xffffff65 fr.pc=0x00000152d6ab81d8
Event: 48.717 Thread 0x00000152d6414000 DEOPT PACKING pc=0x00000152d6ab81d8 sp=0x00000026c91fd0a0
Event: 48.717 Thread 0x00000152d6414000 DEOPT UNPACKING pc=0x00000152d6545683 sp=0x00000026c91fd058 mode 2
Event: 48.747 loading class java/net/IDN
Event: 48.747 loading class java/net/IDN done
Event: 48.747 loading class sun/net/idn/StringPrep
Event: 48.747 loading class sun/net/idn/StringPrep done


Dynamic libraries:
0x00007ff6c7380000 - 0x00007ff6c73d1000 	C:\Users\4771\OneDrive - Xceedance Consulting India Private Ltd\Desktop\Katalon\Katalon_Studio_Windows_64-8.6.5\jre\bin\javaw.exe
0x00007ff918090000 - 0x00007ff918286000 	C:\Windows\SYSTEM32\ntdll.dll
0x00007ff917950000 - 0x00007ff917a0d000 	C:\Windows\System32\KERNEL32.DLL
0x00007ff915c90000 - 0x00007ff915f58000 	C:\Windows\System32\KERNELBASE.dll
0x000000006b6a0000 - 0x000000006b733000 	C:\Windows\System32\SYSFER.DLL
0x00007ff917620000 - 0x00007ff9176cc000 	C:\Windows\System32\ADVAPI32.dll
0x00007ff917550000 - 0x00007ff9175ee000 	C:\Windows\System32\msvcrt.dll
0x00007ff917ee0000 - 0x00007ff917f7b000 	C:\Windows\System32\sechost.dll
0x00007ff9164f0000 - 0x00007ff916614000 	C:\Windows\System32\RPCRT4.dll
0x00007ff916ab0000 - 0x00007ff916c50000 	C:\Windows\System32\USER32.dll
0x00007ff916070000 - 0x00007ff916092000 	C:\Windows\System32\win32u.dll
0x00007ff9175f0000 - 0x00007ff91761a000 	C:\Windows\System32\GDI32.dll
0x00007ff915b80000 - 0x00007ff915c89000 	C:\Windows\System32\gdi32full.dll
0x00007ff915ae0000 - 0x00007ff915b7d000 	C:\Windows\System32\msvcp_win.dll
0x00007ff915800000 - 0x00007ff915900000 	C:\Windows\System32\ucrtbase.dll
0x00007ff9138a0000 - 0x00007ff913b3b000 	C:\Windows\WinSxS\amd64_microsoft.windows.common-controls_6595b64144ccf1df_6.0.19041.488_none_ca04af081b815d21\COMCTL32.dll
0x00007ff916720000 - 0x00007ff916750000 	C:\Windows\System32\IMM32.DLL
0x00007ff8ffa50000 - 0x00007ff8ffbb1000 	C:\Program Files (x86)\Citrix\ICA Client\epclient64.dll
0x00007ff9157d0000 - 0x00007ff9157f7000 	C:\Windows\System32\bcrypt.dll
0x00007ff916750000 - 0x00007ff916aa5000 	C:\Windows\System32\combase.dll
0x00007ff9153b0000 - 0x00007ff9153ba000 	C:\Windows\SYSTEM32\VERSION.dll
0x00007ff913c40000 - 0x00007ff913c73000 	C:\Windows\SYSTEM32\ntmarta.dll
0x00007ff915a60000 - 0x00007ff915adf000 	C:\Windows\System32\bcryptprimitives.dll
0x00007ff9155d0000 - 0x00007ff915608000 	C:\Program Files\Citrix\System32\MfApHook64.dll
0x00007ff9154f0000 - 0x00007ff915502000 	C:\Program Files\Citrix\IcaService\FullScreenHook64.dll
0x00007ff915460000 - 0x00007ff9154ee000 	C:\Windows\SYSTEM32\MSVCP140.dll
0x00007ff915440000 - 0x00007ff91545b000 	C:\Windows\SYSTEM32\VCRUNTIME140.dll
0x00007ff9155c0000 - 0x00007ff9155cc000 	C:\Windows\SYSTEM32\VCRUNTIME140_1.dll
0x00007ff915000000 - 0x00007ff91502a000 	C:\Program Files\Citrix\ICAService\ShellHook64.dll
0x00007ff916620000 - 0x00007ff916675000 	C:\Windows\System32\SHLWAPI.dll
0x00007ff914ec0000 - 0x00007ff914fcf000 	C:\Program Files\Citrix\IcaService\SCardHook64.dll
0x00007ff914bc0000 - 0x00007ff914be0000 	C:\Program Files\Citrix\ICAService\cxinjime64.dll
0x00007ff914ab0000 - 0x00007ff914ad6000 	C:\Program Files\Citrix\ICAService\PicaWtsHook64.dll
0x000000006ac30000 - 0x000000006b4a0000 	C:\Users\4771\OneDrive - Xceedance Consulting India Private Ltd\Desktop\Katalon\Katalon_Studio_Windows_64-8.6.5\jre\bin\server\jvm.dll
0x00007ff9164e0000 - 0x00007ff9164e8000 	C:\Windows\System32\PSAPI.DLL
0x00007ff8fdf20000 - 0x00007ff8fdf29000 	C:\Windows\SYSTEM32\WSOCK32.dll
0x00007ff917fe0000 - 0x00007ff91804b000 	C:\Windows\System32\WS2_32.dll
0x00007ff90b750000 - 0x00007ff90b777000 	C:\Windows\SYSTEM32\WINMM.dll
0x00007ff913550000 - 0x00007ff913562000 	C:\Windows\SYSTEM32\kernel.appcore.dll
0x00007ff8e66a0000 - 0x00007ff8e66b0000 	C:\Users\4771\OneDrive - Xceedance Consulting India Private Ltd\Desktop\Katalon\Katalon_Studio_Windows_64-8.6.5\jre\bin\verify.dll
0x00007ff8abb90000 - 0x00007ff8abbbb000 	C:\Users\4771\OneDrive - Xceedance Consulting India Private Ltd\Desktop\Katalon\Katalon_Studio_Windows_64-8.6.5\jre\bin\java.dll
0x00007ff8abb70000 - 0x00007ff8abb88000 	C:\Users\4771\OneDrive - Xceedance Consulting India Private Ltd\Desktop\Katalon\Katalon_Studio_Windows_64-8.6.5\jre\bin\zip.dll
0x00000152eb740000 - 0x00000152ebe81000 	C:\Windows\System32\SHELL32.dll
0x00007ff912830000 - 0x00007ff912fc5000 	C:\Windows\SYSTEM32\windows.storage.dll
0x00007ff9149b0000 - 0x00007ff9149dc000 	C:\Windows\SYSTEM32\Wldp.dll
0x00007ff9162f0000 - 0x00007ff91639e000 	C:\Windows\System32\SHCORE.dll
0x00007ff915700000 - 0x00007ff915726000 	C:\Windows\SYSTEM32\profapi.dll
0x00007ff8f61a0000 - 0x00007ff8f61bc000 	C:\Users\4771\OneDrive - Xceedance Consulting India Private Ltd\Desktop\Katalon\Katalon_Studio_Windows_64-8.6.5\jre\bin\net.dll
0x00007ff914720000 - 0x00007ff91478a000 	C:\Windows\system32\mswsock.dll
0x00007ff8f6180000 - 0x00007ff8f6193000 	C:\Users\4771\OneDrive - Xceedance Consulting India Private Ltd\Desktop\Katalon\Katalon_Studio_Windows_64-8.6.5\jre\bin\nio.dll
0x00007ff914460000 - 0x00007ff91452b000 	C:\Windows\SYSTEM32\DNSAPI.dll
0x00007ff914420000 - 0x00007ff91445b000 	C:\Windows\SYSTEM32\IPHLPAPI.DLL
0x00007ff916710000 - 0x00007ff916718000 	C:\Windows\System32\NSI.dll
0x00007ff909b60000 - 0x00007ff909b6a000 	C:\Windows\System32\rasadhlp.dll
0x00007ff90f690000 - 0x00007ff90f70f000 	C:\Windows\System32\fwpuclnt.dll
0x00007ff8f34b0000 - 0x00007ff8f34d4000 	C:\Users\4771\OneDrive - Xceedance Consulting India Private Ltd\Desktop\Katalon\Katalon_Studio_Windows_64-8.6.5\jre\bin\sunec.dll
0x00007ff8f4370000 - 0x00007ff8f437d000 	C:\Users\4771\OneDrive - Xceedance Consulting India Private Ltd\Desktop\Katalon\Katalon_Studio_Windows_64-8.6.5\jre\bin\sunmscapi.dll
0x00007ff915900000 - 0x00007ff915a5d000 	C:\Windows\System32\CRYPT32.dll
0x00007ff914a80000 - 0x00007ff914aa7000 	C:\Windows\SYSTEM32\ncrypt.dll
0x00007ff9149e0000 - 0x00007ff914a1b000 	C:\Windows\SYSTEM32\NTASN1.dll
0x00007ff9148f0000 - 0x00007ff914908000 	C:\Windows\SYSTEM32\CRYPTSP.dll
0x00007ff913fc0000 - 0x00007ff913ff4000 	C:\Windows\system32\rsaenh.dll
0x00007ff915680000 - 0x00007ff9156ae000 	C:\Windows\SYSTEM32\USERENV.dll
0x00007ff914910000 - 0x00007ff91491c000 	C:\Windows\SYSTEM32\CRYPTBASE.dll
0x00007ff90ea40000 - 0x00007ff90ea57000 	C:\Windows\SYSTEM32\dhcpcsvc6.DLL
0x00007ff90e890000 - 0x00007ff90e8ad000 	C:\Windows\SYSTEM32\dhcpcsvc.DLL

VM Arguments:
jvm_args: -Dgroovy.home=C:\Users\4771/.groovy -Djava.system.class.loader=groovy.lang.GroovyClassLoader -Xmx2048m -Dfile.encoding=UTF-8 
java_command: org.codehaus.groovy.tools.GroovyStarter --classpath C:\Users\4771\Katalon Studio\Katalon Certification\bin\keyword;C:\Users\4771\Katalon Studio\Katalon Certification\Keywords;C:\Users\4771\Katalon Studio\Katalon Certification\bin\listener;C:\Users\4771\Katalon Studio\Katalon Certification\Test Listeners;C:\Users\4771\Katalon Studio\Katalon Certification\bin\lib;C:\Users\4771\Katalon Studio\Katalon Certification\Libs;C:\Users\4771\Katalon Studio\Katalon Certification\bin\groovy;C:\Users\4771\Katalon Studio\Katalon Certification\Include\scripts\groovy;C:\Users\4771\OneDrive - Xceedance Consulting India Private Ltd\Desktop\Katalon\Katalon_Studio_Windows_64-8.6.5\plugins\com.kms.katalon.core_1.0.0.202305240718.jar;C:\Users\4771\OneDrive - Xceedance Consulting India Private Ltd\Desktop\Katalon\Katalon_Studio_Windows_64-8.6.5\configuration\resources\lib\aalto-xml-1.0.0.jar;C:\Users\4771\OneDrive - Xceedance Consulting India Private Ltd\Desktop\Katalon\Katalon_Studio_Windows_64-8.6.5\configuration\resources\lib\aspectjweaver-1.9.1.jar;C:\Users\4771\OneDrive - Xceedance Consulting India Private Ltd\Desktop\Katalon\Katalon_Studio_Windows_64-8.6.5\configuration\resources\lib\bcpkix-jdk15on-1.64.jar;C:\Users\4771\OneDrive - Xceedance Consulting India Private Ltd\Desktop\Katalon\Katalon_Studio_Windows_64-8.6.5\configuration\resources\lib\bcprov-jdk15on-1.64.jar;C:\Users\4771\OneDrive - Xceedance Consulting India Private Ltd\Desktop\Katalon\Katalon_Studio_Windows_64-8.6.5\configuration\resources\lib\browsermob-core-2.1.5.jar;C:\Users\4771\OneDrive - Xceedance Consulting India Private Ltd\Desktop\Katalon\Katalon_Studio_Windows_64-8.6.5\configuration\resources\lib\cglib-3.2.10.jar;C:\Users\4771\OneDrive - Xceedance Consulting India Private Ltd\Desktop\Katalon\Katalon_Studio_Windows_64-8.6.5\configuration\resources\lib\commons-codec-1.10.jar;C:\Users\4771\OneDrive - Xceedance Consulting India Private Ltd\Desktop\Katalon\Katalon_Studio_Windows_64-8.6.5\configuration\
java_class_path (initial): C:\Users\4771\Katalon Studio\Katalon Certification\bin\keyword;C:\Users\4771\Katalon Studio\Katalon Certification\bin\listener;C:\Users\4771\Katalon Studio\Katalon Certification\bin\lib;C:\Users\4771\Katalon Studio\Katalon Certification\bin\groovy;C:\Users\4771\Katalon Studio\Katalon Certification\bin;C:\Users\4771\OneDrive - Xceedance Consulting India Private Ltd\Desktop\Katalon\Katalon_Studio_Windows_64-8.6.5\plugins\com.kms.katalon.core_1.0.0.202305240718.jar;C:\Users\4771\OneDrive - Xceedance Consulting India Private Ltd\Desktop\Katalon\Katalon_Studio_Windows_64-8.6.5\configuration\resources\lib\aalto-xml-1.0.0.jar;C:\Users\4771\OneDrive - Xceedance Consulting India Private Ltd\Desktop\Katalon\Katalon_Studio_Windows_64-8.6.5\configuration\resources\lib\aspectjweaver-1.9.1.jar;C:\Users\4771\OneDrive - Xceedance Consulting India Private Ltd\Desktop\Katalon\Katalon_Studio_Windows_64-8.6.5\configuration\resources\lib\bcpkix-jdk15on-1.64.jar;C:\Users\4771\OneDrive - Xceedance Consulting India Private Ltd\Desktop\Katalon\Katalon_Studio_Windows_64-8.6.5\configuration\resources\lib\bcprov-jdk15on-1.64.jar;C:\Users\4771\OneDrive - Xceedance Consulting India Private Ltd\Desktop\Katalon\Katalon_Studio_Windows_64-8.6.5\configuration\resources\lib\browsermob-core-2.1.5.jar;C:\Users\4771\OneDrive - Xceedance Consulting India Private Ltd\Desktop\Katalon\Katalon_Studio_Windows_64-8.6.5\configuration\resources\lib\cglib-3.2.10.jar;C:\Users\4771\OneDrive - Xceedance Consulting India Private Ltd\Desktop\Katalon\Katalon_Studio_Windows_64-8.6.5\configuration\resources\lib\commons-codec-1.10.jar;C:\Users\4771\OneDrive - Xceedance Consulting India Private Ltd\Desktop\Katalon\Katalon_Studio_Windows_64-8.6.5\configuration\resources\lib\commons-collections4-4.1.jar;C:\Users\4771\OneDrive - Xceedance Consulting India Private Ltd\Desktop\Katalon\Katalon_Studio_Windows_64-8.6.5\configuration\resources\lib\commons-validator-1.6.jar;C:\Users\4771\OneDrive - Xceeda
Launcher Type: SUN_STANDARD

Environment Variables:
JAVA_HOME=C:\Program Files\Java\jdk1.8.0_321
PATH=C:/Users/4771/OneDrive - Xceedance Consulting India Private Ltd/Desktop/Katalon/Katalon_Studio_Windows_64-8.6.5/jre/bin/server;C:/Users/4771/OneDrive - Xceedance Consulting India Private Ltd/Desktop/Katalon/Katalon_Studio_Windows_64-8.6.5/jre/bin;C:/Users/4771/OneDrive - Xceedance Consulting India Private Ltd/Desktop/Katalon/Katalon_Studio_Windows_64-8.6.5/jre/lib/amd64;C:\Program Files (x86)\Common Files\Oracle\Java\javapath;C:\Windows\system32;C:\Windows;C:\Windows\System32\Wbem;C:\Windows\System32\WindowsPowerShell\v1.0\;C:\Windows\System32\OpenSSH\;C:\Program Files\Citrix\System32\;C:\Program Files\Citrix\ICAService\;C:\Program Files\Citrix\Virtual Desktop Agent\;C:\Program Files\Java\jdk1.8.0_321\bin;C:\Program Files\nodejs\;C:\Users\4771\AppData\Local\Microsoft\WindowsApps;C:\Users\4771\AppData\Roaming\npm;C:\Users\4771\OneDrive - Xceedance Consulting India Private Ltd\Desktop\Katalon\Katalon_Studio_Windows_64-8.6.5;
USERNAME=4771
OS=Windows_NT
PROCESSOR_IDENTIFIER=Intel64 Family 6 Model 85 Stepping 7, GenuineIntel



---------------  S Y S T E M  ---------------

OS: Windows 10 , 64 bit Build 19041 (10.0.19041.546)
Xen hardware-assisted virtualization detected

CPU:total 2 (initial active 2) (4 cores per cpu, 1 threads per core) family 6 model 85 stepping 7, cmov, cx8, fxsr, mmx, sse, sse2, sse3, ssse3, sse4.1, sse4.2, popcnt, avx, avx2, aes, clmul, erms, 3dnowpref, lzcnt, tsc, bmi1, bmi2, adx

Memory: 4k page, physical 8379440k(185896k free), swap 12992320k(3608k free)

vm_info: OpenJDK 64-Bit Server VM (25.362-b09) for windows-amd64 JRE (Zulu 8.68.0.21-CA-win64) (1.8.0_362-b09), built on Jan 19 2023 16:49:02 by "tester" with MS VC++ 15.9 (VS2017)

time: Fri Jul  7 15:39:49 2023
timezone: India Standard Time
elapsed time: 48.809528 seconds (0d 0h 0m 48s)

