#
# There is insufficient memory for the Java Runtime Environment to continue.
# Native memory allocation (malloc) failed to allocate 2713456 bytes for Chunk::new
# Possible reasons:
#   The system is out of physical RAM or swap space
#   The process is running with CompressedOops enabled, and the Java Heap may be blocking the growth of the native heap
# Possible solutions:
#   Reduce memory load on the system
#   Increase physical memory or swap space
#   Check if swap backing store is full
#   Decrease Java heap size (-Xmx/-Xms)
#   Decrease number of Java threads
#   Decrease Java thread stack sizes (-Xss)
#   Set larger code cache with -XX:ReservedCodeCacheSize=
#   JVM is running with Unscaled Compressed Oops mode in which the Java heap is
#     placed in the first 4GB address space. The Java Heap base address is the
#     maximum limit for the native heap growth. Please use -XX:HeapBaseMinAddress
#     to set the Java Heap base and to place the Java Heap above 4GB virtual address.
# This output file may be truncated or incomplete.
#
#  Out of Memory Error (allocation.cpp:389), pid=21536, tid=0x0000000000003708
#
# JRE version: OpenJDK Runtime Environment (Zulu 8.68.0.21-CA-win64) (8.0_362-b09) (build 1.8.0_362-b09)
# Java VM: OpenJDK 64-Bit Server VM (25.362-b09 mixed mode windows-amd64 compressed oops)
# Failed to write core dump. Minidumps are not enabled by default on client versions of Windows
#

---------------  T H R E A D  ---------------

Current thread (0x000001404c4e5800):  JavaThread "C2 CompilerThread0" daemon [_thread_in_native, id=14088, stack(0x0000003e69f00000,0x0000003e6a000000)]

Stack: [0x0000003e69f00000,0x0000003e6a000000]
[error occurred during error reporting (printing stack bounds), id 0xc0000005]

Native frames: (J=compiled Java code, j=interpreted, Vv=VM code, C=native code)


Current CompileTask:
C2:  21937 2420       4       java.net.URLClassLoader$1::run (5 bytes)


---------------  P R O C E S S  ---------------

Java Threads: ( => current thread )
  0x000001404c539000 JavaThread "Service Thread" daemon [_thread_blocked, id=25052, stack(0x0000003e6a100000,0x0000003e6a200000)]
  0x000001404c513000 JavaThread "C1 CompilerThread1" daemon [_thread_blocked, id=22060, stack(0x0000003e6a000000,0x0000003e6a100000)]
=>0x000001404c4e5800 JavaThread "C2 CompilerThread0" daemon [_thread_in_native, id=14088, stack(0x0000003e69f00000,0x0000003e6a000000)]
  0x000001404c4df000 JavaThread "Attach Listener" daemon [_thread_blocked, id=26192, stack(0x0000003e69e00000,0x0000003e69f00000)]
  0x000001404c558000 JavaThread "Signal Dispatcher" daemon [_thread_blocked, id=26200, stack(0x0000003e69d00000,0x0000003e69e00000)]
  0x000001404b050800 JavaThread "Finalizer" daemon [_thread_blocked, id=20180, stack(0x0000003e69c00000,0x0000003e69d00000)]
  0x000001404b048800 JavaThread "Reference Handler" daemon [_thread_blocked, id=20852, stack(0x0000003e69b00000,0x0000003e69c00000)]
  0x000001403670d800 JavaThread "main" [_thread_in_vm, id=25792, stack(0x0000003e69900000,0x0000003e69a00000)]

Other Threads:
  0x000001404b01b800 VMThread [stack: 0x0000003e69a00000,0x0000003e69b00000] [id=15024]
  0x000001404c53a000 WatcherThread [stack: 0x0000003e6a200000,0x0000003e6a300000] [id=25492]

VM state:not at safepoint (normal execution)

VM Mutex/Monitor currently owned by a thread: None

heap address: 0x0000000080000000, size: 2048 MB, Compressed Oops mode: 32-bit
Narrow klass base: 0x0000000000000000, Narrow klass shift: 3
Compressed class space size: 1073741824 Address: 0x0000000100000000

Heap:
 PSYoungGen      total 71680K, used 55356K [0x00000000d5580000, 0x00000000da080000, 0x0000000100000000)
  eden space 66560K, 75% used [0x00000000d5580000,0x00000000d868f270,0x00000000d9680000)
  from space 5120K, 100% used [0x00000000d9680000,0x00000000d9b80000,0x00000000d9b80000)
  to   space 5120K, 0% used [0x00000000d9b80000,0x00000000d9b80000,0x00000000da080000)
 ParOldGen       total 61440K, used 10838K [0x0000000080000000, 0x0000000083c00000, 0x00000000d5580000)
  object space 61440K, 17% used [0x0000000080000000,0x0000000080a95a18,0x0000000083c00000)
 Metaspace       used 26246K, capacity 26562K, committed 27008K, reserved 1073152K
  class space    used 3004K, capacity 3118K, committed 3200K, reserved 1048576K

Card table byte_map: [0x0000014045bc0000,0x0000014045fd0000] byte_map_base: 0x00000140457c0000

Marking Bits: (ParMarkBitMap*) 0x000000006b425390
 Begin Bits: [0x0000014046280000, 0x0000014048280000)
 End Bits:   [0x0000014048280000, 0x000001404a280000)

Polling page: 0x00000140367d0000

CodeCache: size=245760Kb used=10473Kb max_used=10492Kb free=235286Kb
 bounds [0x0000014036800000, 0x0000014037250000, 0x0000014045800000]
 total_blobs=3066 nmethods=2407 adapters=569
 compilation: enabled

Compilation events (10 events):
Event: 21.399 Thread 0x000001404c4e5800 nmethod 2416 0x000001403723f0d0 code [0x000001403723f3e0, 0x00000140372452d0]
Event: 21.400 Thread 0x000001404c4e5800 2420       4       java.net.URLClassLoader$1::run (5 bytes)
Event: 21.422 Thread 0x000001404c513000 2422       3       sun.nio.fs.WindowsPathParser::isSlash (18 bytes)
Event: 21.422 Thread 0x000001404c513000 nmethod 2422 0x00000140371f39d0 code [0x00000140371f3b20, 0x00000140371f3cf8]
Event: 21.423 Thread 0x000001404c513000 2423       2       java.nio.Buffer::clear (20 bytes)
Event: 21.423 Thread 0x000001404c513000 nmethod 2423 0x00000140371f6710 code [0x00000140371f6860, 0x00000140371f69d8]
Event: 21.832 Thread 0x000001404c513000 2424   !   3       java.util.concurrent.ConcurrentHashMap::putVal (362 bytes)
Event: 21.834 Thread 0x000001404c513000 nmethod 2424 0x000001403722d190 code [0x000001403722d440, 0x000001403722ede0]
Event: 21.836 Thread 0x000001404c513000 2425       3       java.security.Provider$ServiceKey::equals (55 bytes)
Event: 21.837 Thread 0x000001404c513000 nmethod 2425 0x00000140371f5e10 code [0x00000140371f5fa0, 0x00000140371f65a0]

GC Heap History (10 events):
Event: 14.233 GC heap before
{Heap before GC invocations=6 (full 0):
 PSYoungGen      total 71680K, used 43472K [0x00000000d5580000, 0x00000000da080000, 0x0000000100000000)
  eden space 66560K, 57% used [0x00000000d5580000,0x00000000d7af4230,0x00000000d9680000)
  from space 5120K, 99% used [0x00000000d9680000,0x00000000d9b7ffe0,0x00000000d9b80000)
  to   space 5120K, 0% used [0x00000000d9b80000,0x00000000d9b80000,0x00000000da080000)
 ParOldGen       total 87552K, used 3890K [0x0000000080000000, 0x0000000085580000, 0x00000000d5580000)
  object space 87552K, 4% used [0x0000000080000000,0x00000000803ccb08,0x0000000085580000)
 Metaspace       used 20351K, capacity 20618K, committed 20864K, reserved 1071104K
  class space    used 2265K, capacity 2381K, committed 2432K, reserved 1048576K
Event: 14.243 GC heap after
Heap after GC invocations=6 (full 0):
 PSYoungGen      total 71680K, used 5116K [0x00000000d5580000, 0x00000000da080000, 0x0000000100000000)
  eden space 66560K, 0% used [0x00000000d5580000,0x00000000d5580000,0x00000000d9680000)
  from space 5120K, 99% used [0x00000000d9b80000,0x00000000da07f170,0x00000000da080000)
  to   space 5120K, 0% used [0x00000000d9680000,0x00000000d9680000,0x00000000d9b80000)
 ParOldGen       total 87552K, used 6053K [0x0000000080000000, 0x0000000085580000, 0x00000000d5580000)
  object space 87552K, 6% used [0x0000000080000000,0x00000000805e9478,0x0000000085580000)
 Metaspace       used 20351K, capacity 20618K, committed 20864K, reserved 1071104K
  class space    used 2265K, capacity 2381K, committed 2432K, reserved 1048576K
}
Event: 14.243 GC heap before
{Heap before GC invocations=7 (full 1):
 PSYoungGen      total 71680K, used 5116K [0x00000000d5580000, 0x00000000da080000, 0x0000000100000000)
  eden space 66560K, 0% used [0x00000000d5580000,0x00000000d5580000,0x00000000d9680000)
  from space 5120K, 99% used [0x00000000d9b80000,0x00000000da07f170,0x00000000da080000)
  to   space 5120K, 0% used [0x00000000d9680000,0x00000000d9680000,0x00000000d9b80000)
 ParOldGen       total 87552K, used 6053K [0x0000000080000000, 0x0000000085580000, 0x00000000d5580000)
  object space 87552K, 6% used [0x0000000080000000,0x00000000805e9478,0x0000000085580000)
 Metaspace       used 20351K, capacity 20618K, committed 20864K, reserved 1071104K
  class space    used 2265K, capacity 2381K, committed 2432K, reserved 1048576K
Event: 14.383 GC heap after
Heap after GC invocations=7 (full 1):
 PSYoungGen      total 71680K, used 0K [0x00000000d5580000, 0x00000000da080000, 0x0000000100000000)
  eden space 66560K, 0% used [0x00000000d5580000,0x00000000d5580000,0x00000000d9680000)
  from space 5120K, 0% used [0x00000000d9b80000,0x00000000d9b80000,0x00000000da080000)
  to   space 5120K, 0% used [0x00000000d9680000,0x00000000d9680000,0x00000000d9b80000)
 ParOldGen       total 61440K, used 8690K [0x0000000080000000, 0x0000000083c00000, 0x00000000d5580000)
  object space 61440K, 14% used [0x0000000080000000,0x000000008087c990,0x0000000083c00000)
 Metaspace       used 20351K, capacity 20618K, committed 20864K, reserved 1069056K
  class space    used 2265K, capacity 2381K, committed 2432K, reserved 1048576K
}
Event: 16.251 GC heap before
{Heap before GC invocations=8 (full 1):
 PSYoungGen      total 71680K, used 66560K [0x00000000d5580000, 0x00000000da080000, 0x0000000100000000)
  eden space 66560K, 100% used [0x00000000d5580000,0x00000000d9680000,0x00000000d9680000)
  from space 5120K, 0% used [0x00000000d9b80000,0x00000000d9b80000,0x00000000da080000)
  to   space 5120K, 0% used [0x00000000d9680000,0x00000000d9680000,0x00000000d9b80000)
 ParOldGen       total 61440K, used 8690K [0x0000000080000000, 0x0000000083c00000, 0x00000000d5580000)
  object space 61440K, 14% used [0x0000000080000000,0x000000008087c990,0x0000000083c00000)
 Metaspace       used 22542K, capacity 22882K, committed 23168K, reserved 1069056K
  class space    used 2494K, capacity 2644K, committed 2688K, reserved 1048576K
Event: 16.257 GC heap after
Heap after GC invocations=8 (full 1):
 PSYoungGen      total 71680K, used 3305K [0x00000000d5580000, 0x00000000da080000, 0x0000000100000000)
  eden space 66560K, 0% used [0x00000000d5580000,0x00000000d5580000,0x00000000d9680000)
  from space 5120K, 64% used [0x00000000d9680000,0x00000000d99ba5b0,0x00000000d9b80000)
  to   space 5120K, 0% used [0x00000000d9b80000,0x00000000d9b80000,0x00000000da080000)
 ParOldGen       total 61440K, used 8690K [0x0000000080000000, 0x0000000083c00000, 0x00000000d5580000)
  object space 61440K, 14% used [0x0000000080000000,0x000000008087c990,0x0000000083c00000)
 Metaspace       used 22542K, capacity 22882K, committed 23168K, reserved 1069056K
  class space    used 2494K, capacity 2644K, committed 2688K, reserved 1048576K
}
Event: 17.264 GC heap before
{Heap before GC invocations=9 (full 1):
 PSYoungGen      total 71680K, used 69865K [0x00000000d5580000, 0x00000000da080000, 0x0000000100000000)
  eden space 66560K, 100% used [0x00000000d5580000,0x00000000d9680000,0x00000000d9680000)
  from space 5120K, 64% used [0x00000000d9680000,0x00000000d99ba5b0,0x00000000d9b80000)
  to   space 5120K, 0% used [0x00000000d9b80000,0x00000000d9b80000,0x00000000da080000)
 ParOldGen       total 61440K, used 8690K [0x0000000080000000, 0x0000000083c00000, 0x00000000d5580000)
  object space 61440K, 14% used [0x0000000080000000,0x000000008087c990,0x0000000083c00000)
 Metaspace       used 22941K, capacity 23298K, committed 23680K, reserved 1071104K
  class space    used 2514K, capacity 2650K, committed 2688K, reserved 1048576K
Event: 17.310 GC heap after
Heap after GC invocations=9 (full 1):
 PSYoungGen      total 71680K, used 3282K [0x00000000d5580000, 0x00000000da080000, 0x0000000100000000)
  eden space 66560K, 0% used [0x00000000d5580000,0x00000000d5580000,0x00000000d9680000)
  from space 5120K, 64% used [0x00000000d9b80000,0x00000000d9eb4b68,0x00000000da080000)
  to   space 5120K, 0% used [0x00000000d9680000,0x00000000d9680000,0x00000000d9b80000)
 ParOldGen       total 61440K, used 8690K [0x0000000080000000, 0x0000000083c00000, 0x00000000d5580000)
  object space 61440K, 14% used [0x0000000080000000,0x000000008087c990,0x0000000083c00000)
 Metaspace       used 22941K, capacity 23298K, committed 23680K, reserved 1071104K
  class space    used 2514K, capacity 2650K, committed 2688K, reserved 1048576K
}
Event: 18.726 GC heap before
{Heap before GC invocations=10 (full 1):
 PSYoungGen      total 71680K, used 69842K [0x00000000d5580000, 0x00000000da080000, 0x0000000100000000)
  eden space 66560K, 100% used [0x00000000d5580000,0x00000000d9680000,0x00000000d9680000)
  from space 5120K, 64% used [0x00000000d9b80000,0x00000000d9eb4b68,0x00000000da080000)
  to   space 5120K, 0% used [0x00000000d9680000,0x00000000d9680000,0x00000000d9b80000)
 ParOldGen       total 61440K, used 8690K [0x0000000080000000, 0x0000000083c00000, 0x00000000d5580000)
  object space 61440K, 14% used [0x0000000080000000,0x000000008087c990,0x0000000083c00000)
 Metaspace       used 23702K, capacity 24066K, committed 24320K, reserved 1071104K
  class space    used 2624K, capacity 2754K, committed 2816K, reserved 1048576K
Event: 18.739 GC heap after
Heap after GC invocations=10 (full 1):
 PSYoungGen      total 71680K, used 5120K [0x00000000d5580000, 0x00000000da080000, 0x0000000100000000)
  eden space 66560K, 0% used [0x00000000d5580000,0x00000000d5580000,0x00000000d9680000)
  from space 5120K, 100% used [0x00000000d9680000,0x00000000d9b80000,0x00000000d9b80000)
  to   space 5120K, 0% used [0x00000000d9b80000,0x00000000d9b80000,0x00000000da080000)
 ParOldGen       total 61440K, used 10838K [0x0000000080000000, 0x0000000083c00000, 0x00000000d5580000)
  object space 61440K, 17% used [0x0000000080000000,0x0000000080a95a18,0x0000000083c00000)
 Metaspace       used 23702K, capacity 24066K, committed 24320K, reserved 1071104K
  class space    used 2624K, capacity 2754K, committed 2816K, reserved 1048576K
}

Deoptimization events (10 events):
Event: 20.067 Thread 0x000001403670d800 Uncommon trap: reason=class_check action=maybe_recompile pc=0x0000014037178dc0 method=java.util.regex.Pattern$CharProperty.match(Ljava/util/regex/Matcher;ILjava/lang/CharSequence;)Z @ 18
Event: 20.068 Thread 0x000001403670d800 Uncommon trap: reason=class_check action=maybe_recompile pc=0x0000014037178dc0 method=java.util.regex.Pattern$CharProperty.match(Ljava/util/regex/Matcher;ILjava/lang/CharSequence;)Z @ 18
Event: 20.068 Thread 0x000001403670d800 Uncommon trap: reason=class_check action=maybe_recompile pc=0x0000014037178dc0 method=java.util.regex.Pattern$CharProperty.match(Ljava/util/regex/Matcher;ILjava/lang/CharSequence;)Z @ 18
Event: 20.068 Thread 0x000001403670d800 Uncommon trap: reason=class_check action=maybe_recompile pc=0x0000014037178dc0 method=java.util.regex.Pattern$CharProperty.match(Ljava/util/regex/Matcher;ILjava/lang/CharSequence;)Z @ 18
Event: 20.308 Thread 0x000001403670d800 Uncommon trap: reason=unstable_if action=reinterpret pc=0x0000014036e704d8 method=java.io.WinNTFileSystem.resolve(Ljava/lang/String;Ljava/lang/String;)Ljava/lang/String; @ 49
Event: 20.891 Thread 0x000001403670d800 Uncommon trap: reason=unstable_if action=reinterpret pc=0x00000140370ef6a4 method=java.io.WinNTFileSystem.normalize(Ljava/lang/String;)Ljava/lang/String; @ 128
Event: 20.950 Thread 0x000001403670d800 Uncommon trap: reason=bimorphic action=maybe_recompile pc=0x0000014036e80d04 method=java.net.URL.<init>(Ljava/net/URL;Ljava/lang/String;Ljava/net/URLStreamHandler;)V @ 504
Event: 20.950 Thread 0x000001403670d800 Uncommon trap: reason=unstable_if action=reinterpret pc=0x0000014036ad3cac method=java.net.URLStreamHandler.parseURL(Ljava/net/URL;Ljava/lang/String;II)V @ 155
Event: 20.950 Thread 0x000001403670d800 Uncommon trap: reason=unstable_if action=reinterpret pc=0x0000014036ac6f84 method=sun.net.util.IPAddressUtil.scan(Ljava/lang/String;JJ[C)I @ 14
Event: 21.422 Thread 0x000001403670d800 Uncommon trap: reason=unstable_if action=reinterpret pc=0x0000014036f991b8 method=sun.nio.fs.WindowsPathParser.isSlash(C)Z @ 9

Classes redefined (0 events):
No events

Internal exceptions (10 events):
Event: 19.433 Thread 0x000001403670d800 Exception <a 'java/lang/ClassNotFoundException': com/kms/katalon/core/webui/keyword/builtin/OpenBrowserKeywordBeanInfo> (0x00000000d6b334a8) thrown at [C:\jenkins\workspace\zulu-platform-build\zulu-src.git\hotspot\src\share\vm\classfile\systemDictionary.c
Event: 19.437 Thread 0x000001403670d800 Exception <a 'java/lang/ClassNotFoundException': com/kms/katalon/core/webui/keyword/internal/WebUIAbstractKeywordBeanInfo> (0x00000000d6c1b080) thrown at [C:\jenkins\workspace\zulu-platform-build\zulu-src.git\hotspot\src\share\vm\classfile\systemDictionar
Event: 19.440 Thread 0x000001403670d800 Exception <a 'java/lang/ClassNotFoundException': com/kms/katalon/core/keyword/internal/AbstractKeywordBeanInfo> (0x00000000d6ceb650) thrown at [C:\jenkins\workspace\zulu-platform-build\zulu-src.git\hotspot\src\share\vm\classfile\systemDictionary.cpp, line
Event: 19.443 Thread 0x000001403670d800 Exception <a 'java/lang/ClassNotFoundException': com/kms/katalon/core/keyword/internal/AbstractKeywordCustomizer> (0x00000000d6dc04d8) thrown at [C:\jenkins\workspace\zulu-platform-build\zulu-src.git\hotspot\src\share\vm\classfile\systemDictionary.cpp, li
Event: 19.447 Thread 0x000001403670d800 Exception <a 'java/lang/ClassNotFoundException': com/kms/katalon/core/webui/keyword/internal/WebUIAbstractKeywordCustomizer> (0x00000000d6eb27f8) thrown at [C:\jenkins\workspace\zulu-platform-build\zulu-src.git\hotspot\src\share\vm\classfile\systemDiction
Event: 19.452 Thread 0x000001403670d800 Exception <a 'java/lang/ClassNotFoundException': com/kms/katalon/core/webui/keyword/builtin/OpenBrowserKeywordCustomizer> (0x00000000d6f9f158) thrown at [C:\jenkins\workspace\zulu-platform-build\zulu-src.git\hotspot\src\share\vm\classfile\systemDictionary
Event: 19.481 Thread 0x000001403670d800 Exception <a 'java/lang/ClassNotFoundException': com/kms/katalon/core/logging/KeywordLoggerBeanInfo> (0x00000000d709cb70) thrown at [C:\jenkins\workspace\zulu-platform-build\zulu-src.git\hotspot\src\share\vm\classfile\systemDictionary.cpp, line 220]
Event: 19.484 Thread 0x000001403670d800 Exception <a 'java/lang/ClassNotFoundException': com/kms/katalon/core/logging/KeywordLoggerCustomizer> (0x00000000d715a7d8) thrown at [C:\jenkins\workspace\zulu-platform-build\zulu-src.git\hotspot\src\share\vm\classfile\systemDictionary.cpp, line 220]
Event: 19.733 Thread 0x000001403670d800 Exception <a 'java/lang/ClassNotFoundException': com/kms/katalon/core/webui/keyword/builtin/InternalSmartWaitGroovyWrapperBeanInfo> (0x00000000d7406668) thrown at [C:\jenkins\workspace\zulu-platform-build\zulu-src.git\hotspot\src\share\vm\classfile\system
Event: 19.737 Thread 0x000001403670d800 Exception <a 'java/lang/ClassNotFoundException': com/kms/katalon/core/webui/keyword/builtin/InternalSmartWaitGroovyWrapperCustomizer> (0x00000000d7507fb8) thrown at [C:\jenkins\workspace\zulu-platform-build\zulu-src.git\hotspot\src\share\vm\classfile\syst

Events (10 events):
Event: 21.850 loading class sun/security/provider/JavaKeyStore$JKS
Event: 21.850 loading class sun/security/provider/JavaKeyStore
Event: 21.853 loading class sun/security/provider/JavaKeyStore done
Event: 21.853 loading class sun/security/provider/JavaKeyStore$JKS done
Event: 21.853 loading class sun/security/pkcs12/PKCS12KeyStore
Event: 21.879 loading class sun/security/pkcs12/PKCS12KeyStore done
Event: 21.879 loading class sun/security/provider/KeyStoreDelegator$1
Event: 21.879 loading class sun/security/provider/KeyStoreDelegator$1 done
Event: 21.879 loading class sun/security/action/OpenFileInputStreamAction
Event: 21.934 loading class sun/security/action/OpenFileInputStreamAction done


Dynamic libraries:
0x00007ff6c7380000 - 0x00007ff6c73d1000 	C:\Users\4771\OneDrive - Xceedance Consulting India Private Ltd\Desktop\Katalon\Katalon_Studio_Windows_64-8.6.5\jre\bin\javaw.exe
0x00007ff918090000 - 0x00007ff918286000 	C:\Windows\SYSTEM32\ntdll.dll
0x00007ff917950000 - 0x00007ff917a0d000 	C:\Windows\System32\KERNEL32.DLL
0x00007ff915c90000 - 0x00007ff915f58000 	C:\Windows\System32\KERNELBASE.dll
0x000000006b6a0000 - 0x000000006b733000 	C:\Windows\System32\SYSFER.DLL
0x00007ff917620000 - 0x00007ff9176cc000 	C:\Windows\System32\ADVAPI32.dll
0x00007ff917550000 - 0x00007ff9175ee000 	C:\Windows\System32\msvcrt.dll
0x00007ff917ee0000 - 0x00007ff917f7b000 	C:\Windows\System32\sechost.dll
0x00007ff9164f0000 - 0x00007ff916614000 	C:\Windows\System32\RPCRT4.dll
0x00007ff916ab0000 - 0x00007ff916c50000 	C:\Windows\System32\USER32.dll
0x00007ff916070000 - 0x00007ff916092000 	C:\Windows\System32\win32u.dll
0x00007ff9175f0000 - 0x00007ff91761a000 	C:\Windows\System32\GDI32.dll
0x00007ff915b80000 - 0x00007ff915c89000 	C:\Windows\System32\gdi32full.dll
0x00007ff915ae0000 - 0x00007ff915b7d000 	C:\Windows\System32\msvcp_win.dll
0x00007ff915800000 - 0x00007ff915900000 	C:\Windows\System32\ucrtbase.dll
0x00007ff9138a0000 - 0x00007ff913b3b000 	C:\Windows\WinSxS\amd64_microsoft.windows.common-controls_6595b64144ccf1df_6.0.19041.488_none_ca04af081b815d21\COMCTL32.dll
0x00007ff916720000 - 0x00007ff916750000 	C:\Windows\System32\IMM32.DLL
0x00007ff8ffa50000 - 0x00007ff8ffbb1000 	C:\Program Files (x86)\Citrix\ICA Client\epclient64.dll
0x00007ff9157d0000 - 0x00007ff9157f7000 	C:\Windows\System32\bcrypt.dll
0x00007ff916750000 - 0x00007ff916aa5000 	C:\Windows\System32\combase.dll
0x00007ff9153b0000 - 0x00007ff9153ba000 	C:\Windows\SYSTEM32\VERSION.dll
0x00007ff913c40000 - 0x00007ff913c73000 	C:\Windows\SYSTEM32\ntmarta.dll
0x00007ff915a60000 - 0x00007ff915adf000 	C:\Windows\System32\bcryptprimitives.dll
0x00007ff9155d0000 - 0x00007ff915608000 	C:\Program Files\Citrix\System32\MfApHook64.dll
0x00007ff9154f0000 - 0x00007ff915502000 	C:\Program Files\Citrix\IcaService\FullScreenHook64.dll
0x00007ff915460000 - 0x00007ff9154ee000 	C:\Windows\SYSTEM32\MSVCP140.dll
0x00007ff915440000 - 0x00007ff91545b000 	C:\Windows\SYSTEM32\VCRUNTIME140.dll
0x00007ff9155c0000 - 0x00007ff9155cc000 	C:\Windows\SYSTEM32\VCRUNTIME140_1.dll
0x00007ff915000000 - 0x00007ff91502a000 	C:\Program Files\Citrix\ICAService\ShellHook64.dll
0x00007ff916620000 - 0x00007ff916675000 	C:\Windows\System32\SHLWAPI.dll
0x00007ff914ec0000 - 0x00007ff914fcf000 	C:\Program Files\Citrix\IcaService\SCardHook64.dll
0x00007ff914bc0000 - 0x00007ff914be0000 	C:\Program Files\Citrix\ICAService\cxinjime64.dll
0x00007ff914ab0000 - 0x00007ff914ad6000 	C:\Program Files\Citrix\ICAService\PicaWtsHook64.dll
0x000000006ac30000 - 0x000000006b4a0000 	C:\Users\4771\OneDrive - Xceedance Consulting India Private Ltd\Desktop\Katalon\Katalon_Studio_Windows_64-8.6.5\jre\bin\server\jvm.dll
0x00007ff9164e0000 - 0x00007ff9164e8000 	C:\Windows\System32\PSAPI.DLL
0x00007ff8fdf20000 - 0x00007ff8fdf29000 	C:\Windows\SYSTEM32\WSOCK32.dll
0x00007ff917fe0000 - 0x00007ff91804b000 	C:\Windows\System32\WS2_32.dll
0x00007ff90b750000 - 0x00007ff90b777000 	C:\Windows\SYSTEM32\WINMM.dll
0x00007ff913550000 - 0x00007ff913562000 	C:\Windows\SYSTEM32\kernel.appcore.dll
0x00007ff8e66a0000 - 0x00007ff8e66b0000 	C:\Users\4771\OneDrive - Xceedance Consulting India Private Ltd\Desktop\Katalon\Katalon_Studio_Windows_64-8.6.5\jre\bin\verify.dll
0x00007ff8abb90000 - 0x00007ff8abbbb000 	C:\Users\4771\OneDrive - Xceedance Consulting India Private Ltd\Desktop\Katalon\Katalon_Studio_Windows_64-8.6.5\jre\bin\java.dll
0x00007ff8abb70000 - 0x00007ff8abb88000 	C:\Users\4771\OneDrive - Xceedance Consulting India Private Ltd\Desktop\Katalon\Katalon_Studio_Windows_64-8.6.5\jre\bin\zip.dll
0x000001404ba40000 - 0x000001404c181000 	C:\Windows\System32\SHELL32.dll
0x00007ff912830000 - 0x00007ff912fc5000 	C:\Windows\SYSTEM32\windows.storage.dll
0x00007ff9149b0000 - 0x00007ff9149dc000 	C:\Windows\SYSTEM32\Wldp.dll
0x00007ff9162f0000 - 0x00007ff91639e000 	C:\Windows\System32\SHCORE.dll
0x00007ff915700000 - 0x00007ff915726000 	C:\Windows\SYSTEM32\profapi.dll
0x00007ff8f61a0000 - 0x00007ff8f61bc000 	C:\Users\4771\OneDrive - Xceedance Consulting India Private Ltd\Desktop\Katalon\Katalon_Studio_Windows_64-8.6.5\jre\bin\net.dll
0x00007ff914720000 - 0x00007ff91478a000 	C:\Windows\system32\mswsock.dll
0x00007ff8f6180000 - 0x00007ff8f6193000 	C:\Users\4771\OneDrive - Xceedance Consulting India Private Ltd\Desktop\Katalon\Katalon_Studio_Windows_64-8.6.5\jre\bin\nio.dll
0x00007ff914460000 - 0x00007ff91452b000 	C:\Windows\SYSTEM32\DNSAPI.dll
0x00007ff914420000 - 0x00007ff91445b000 	C:\Windows\SYSTEM32\IPHLPAPI.DLL
0x00007ff916710000 - 0x00007ff916718000 	C:\Windows\System32\NSI.dll
0x00007ff909b60000 - 0x00007ff909b6a000 	C:\Windows\System32\rasadhlp.dll
0x00007ff90f690000 - 0x00007ff90f70f000 	C:\Windows\System32\fwpuclnt.dll
0x00007ff8f34b0000 - 0x00007ff8f34d4000 	C:\Users\4771\OneDrive - Xceedance Consulting India Private Ltd\Desktop\Katalon\Katalon_Studio_Windows_64-8.6.5\jre\bin\sunec.dll

VM Arguments:
jvm_args: -Dgroovy.home=C:\Users\4771/.groovy -Djava.system.class.loader=groovy.lang.GroovyClassLoader -Xmx2048m -Dfile.encoding=UTF-8 
java_command: org.codehaus.groovy.tools.GroovyStarter --classpath C:\Users\4771\Katalon Studio\Katalon Certification\bin\keyword;C:\Users\4771\Katalon Studio\Katalon Certification\Keywords;C:\Users\4771\Katalon Studio\Katalon Certification\bin\listener;C:\Users\4771\Katalon Studio\Katalon Certification\Test Listeners;C:\Users\4771\Katalon Studio\Katalon Certification\bin\lib;C:\Users\4771\Katalon Studio\Katalon Certification\Libs;C:\Users\4771\Katalon Studio\Katalon Certification\bin\groovy;C:\Users\4771\Katalon Studio\Katalon Certification\Include\scripts\groovy;C:\Users\4771\OneDrive - Xceedance Consulting India Private Ltd\Desktop\Katalon\Katalon_Studio_Windows_64-8.6.5\plugins\com.kms.katalon.core_1.0.0.202305240718.jar;C:\Users\4771\OneDrive - Xceedance Consulting India Private Ltd\Desktop\Katalon\Katalon_Studio_Windows_64-8.6.5\configuration\resources\lib\aalto-xml-1.0.0.jar;C:\Users\4771\OneDrive - Xceedance Consulting India Private Ltd\Desktop\Katalon\Katalon_Studio_Windows_64-8.6.5\configuration\resources\lib\aspectjweaver-1.9.1.jar;C:\Users\4771\OneDrive - Xceedance Consulting India Private Ltd\Desktop\Katalon\Katalon_Studio_Windows_64-8.6.5\configuration\resources\lib\bcpkix-jdk15on-1.64.jar;C:\Users\4771\OneDrive - Xceedance Consulting India Private Ltd\Desktop\Katalon\Katalon_Studio_Windows_64-8.6.5\configuration\resources\lib\bcprov-jdk15on-1.64.jar;C:\Users\4771\OneDrive - Xceedance Consulting India Private Ltd\Desktop\Katalon\Katalon_Studio_Windows_64-8.6.5\configuration\resources\lib\browsermob-core-2.1.5.jar;C:\Users\4771\OneDrive - Xceedance Consulting India Private Ltd\Desktop\Katalon\Katalon_Studio_Windows_64-8.6.5\configuration\resources\lib\cglib-3.2.10.jar;C:\Users\4771\OneDrive - Xceedance Consulting India Private Ltd\Desktop\Katalon\Katalon_Studio_Windows_64-8.6.5\configuration\resources\lib\commons-codec-1.10.jar;C:\Users\4771\OneDrive - Xceedance Consulting India Private Ltd\Desktop\Katalon\Katalon_Studio_Windows_64-8.6.5\configuration\
java_class_path (initial): C:\Users\4771\Katalon Studio\Katalon Certification\bin\keyword;C:\Users\4771\Katalon Studio\Katalon Certification\bin\listener;C:\Users\4771\Katalon Studio\Katalon Certification\bin\lib;C:\Users\4771\Katalon Studio\Katalon Certification\bin\groovy;C:\Users\4771\Katalon Studio\Katalon Certification\bin;C:\Users\4771\OneDrive - Xceedance Consulting India Private Ltd\Desktop\Katalon\Katalon_Studio_Windows_64-8.6.5\plugins\com.kms.katalon.core_1.0.0.202305240718.jar;C:\Users\4771\OneDrive - Xceedance Consulting India Private Ltd\Desktop\Katalon\Katalon_Studio_Windows_64-8.6.5\configuration\resources\lib\aalto-xml-1.0.0.jar;C:\Users\4771\OneDrive - Xceedance Consulting India Private Ltd\Desktop\Katalon\Katalon_Studio_Windows_64-8.6.5\configuration\resources\lib\aspectjweaver-1.9.1.jar;C:\Users\4771\OneDrive - Xceedance Consulting India Private Ltd\Desktop\Katalon\Katalon_Studio_Windows_64-8.6.5\configuration\resources\lib\bcpkix-jdk15on-1.64.jar;C:\Users\4771\OneDrive - Xceedance Consulting India Private Ltd\Desktop\Katalon\Katalon_Studio_Windows_64-8.6.5\configuration\resources\lib\bcprov-jdk15on-1.64.jar;C:\Users\4771\OneDrive - Xceedance Consulting India Private Ltd\Desktop\Katalon\Katalon_Studio_Windows_64-8.6.5\configuration\resources\lib\browsermob-core-2.1.5.jar;C:\Users\4771\OneDrive - Xceedance Consulting India Private Ltd\Desktop\Katalon\Katalon_Studio_Windows_64-8.6.5\configuration\resources\lib\cglib-3.2.10.jar;C:\Users\4771\OneDrive - Xceedance Consulting India Private Ltd\Desktop\Katalon\Katalon_Studio_Windows_64-8.6.5\configuration\resources\lib\commons-codec-1.10.jar;C:\Users\4771\OneDrive - Xceedance Consulting India Private Ltd\Desktop\Katalon\Katalon_Studio_Windows_64-8.6.5\configuration\resources\lib\commons-collections4-4.1.jar;C:\Users\4771\OneDrive - Xceedance Consulting India Private Ltd\Desktop\Katalon\Katalon_Studio_Windows_64-8.6.5\configuration\resources\lib\commons-validator-1.6.jar;C:\Users\4771\OneDrive - Xceeda
Launcher Type: SUN_STANDARD

Environment Variables:
JAVA_HOME=C:\Program Files\Java\jdk1.8.0_321
PATH=C:/Users/4771/OneDrive - Xceedance Consulting India Private Ltd/Desktop/Katalon/Katalon_Studio_Windows_64-8.6.5/jre/bin/server;C:/Users/4771/OneDrive - Xceedance Consulting India Private Ltd/Desktop/Katalon/Katalon_Studio_Windows_64-8.6.5/jre/bin;C:/Users/4771/OneDrive - Xceedance Consulting India Private Ltd/Desktop/Katalon/Katalon_Studio_Windows_64-8.6.5/jre/lib/amd64;C:\Program Files (x86)\Common Files\Oracle\Java\javapath;C:\Windows\system32;C:\Windows;C:\Windows\System32\Wbem;C:\Windows\System32\WindowsPowerShell\v1.0\;C:\Windows\System32\OpenSSH\;C:\Program Files\Citrix\System32\;C:\Program Files\Citrix\ICAService\;C:\Program Files\Citrix\Virtual Desktop Agent\;C:\Program Files\Java\jdk1.8.0_321\bin;C:\Program Files\nodejs\;C:\Users\4771\AppData\Local\Microsoft\WindowsApps;C:\Users\4771\AppData\Roaming\npm;C:\Users\4771\OneDrive - Xceedance Consulting India Private Ltd\Desktop\Katalon\Katalon_Studio_Windows_64-8.6.5;
USERNAME=4771
OS=Windows_NT
PROCESSOR_IDENTIFIER=Intel64 Family 6 Model 85 Stepping 7, GenuineIntel



---------------  S Y S T E M  ---------------

OS: Windows 10 , 64 bit Build 19041 (10.0.19041.546)
Xen hardware-assisted virtualization detected

CPU:total 2 (initial active 2) (4 cores per cpu, 1 threads per core) family 6 model 85 stepping 7, cmov, cx8, fxsr, mmx, sse, sse2, sse3, ssse3, sse4.1, sse4.2, popcnt, avx, avx2, aes, clmul, erms, 3dnowpref, lzcnt, tsc, bmi1, bmi2, adx

Memory: 4k page, physical 8379440k(124208k free), swap 12992320k(6056k free)

vm_info: OpenJDK 64-Bit Server VM (25.362-b09) for windows-amd64 JRE (Zulu 8.68.0.21-CA-win64) (1.8.0_362-b09), built on Jan 19 2023 16:49:02 by "tester" with MS VC++ 15.9 (VS2017)

time: Fri Jul  7 15:52:33 2023
timezone: India Standard Time
elapsed time: 21.944678 seconds (0d 0h 0m 21s)

